# JRE version: OpenJDK Runtime Environment (7.0_91-b02) (build 1.7.0_91-b02)
# Java VM: OpenJDK Server VM (24.91-b01 mixed mode linux-x86 )
Heap
 PSYoungGen      total 310272K, used 88485K [0x9ed40000, 0xb2ec0000, 0xb30c0000)
  eden space 291072K, 27% used [0x9ed40000,0xa3c9d680,0xb0980000)
  from space 19200K, 37% used [0xb1c00000,0xb230bf00,0xb2ec0000)
  to   space 18944K, 0% used [0xb0980000,0xb0980000,0xb1c00000)
 ParOldGen       total 237568K, used 151882K [0x766c0000, 0x84ec0000, 0x9ed40000)
  object space 237568K, 63% used [0x766c0000,0x7fb12970,0x84ec0000)
 PSPermGen       total 41472K, used 19113K [0x6e6c0000, 0x70f40000, 0x766c0000)
  object space 41472K, 46% used [0x6e6c0000,0x6f96a6d8,0x70f40000)
GC Heap History (10 events):
Event: 489.074 GC heap before
{Heap before GC invocations=29 (full 3):
 PSYoungGen      total 307200K, used 284192K [0x9ed40000, 0xb2f80000, 0xb30c0000)
  eden space 284160K, 100% used [0x9ed40000,0xb02c0000,0xb02c0000)
  from space 23040K, 0% used [0xb02c0000,0xb02c8000,0xb1940000)
  to   space 22528K, 0% used [0xb1980000,0xb1980000,0xb2f80000)
 ParOldGen       total 237568K, used 129170K [0x766c0000, 0x84ec0000, 0x9ed40000)
  object space 237568K, 54% used [0x766c0000,0x7e4e4960,0x84ec0000)
 PSPermGen       total 41472K, used 19112K [0x6e6c0000, 0x70f40000, 0x766c0000)
  object space 41472K, 46% used [0x6e6c0000,0x6f96a278,0x70f40000)
Event: 489.076 GC heap after
Heap after GC invocations=29 (full 3):
 PSYoungGen      total 307456K, used 432K [0x9ed40000, 0xb2ec0000, 0xb30c0000)
  eden space 285696K, 0% used [0x9ed40000,0x9ed40000,0xb0440000)
  from space 21760K, 1% used [0xb1980000,0xb19ec010,0xb2ec0000)
  to   space 21760K, 0% used [0xb0440000,0xb0440000,0xb1980000)
 ParOldGen       total 237568K, used 129174K [0x766c0000, 0x84ec0000, 0x9ed40000)
  object space 237568K, 54% used [0x766c0000,0x7e4e5960,0x84ec0000)
 PSPermGen       total 41472K, used 19112K [0x6e6c0000, 0x70f40000, 0x766c0000)
  object space 41472K, 46% used [0x6e6c0000,0x6f96a278,0x70f40000)
}
Event: 489.322 GC heap before
{Heap before GC invocations=30 (full 3):
 PSYoungGen      total 307456K, used 286128K [0x9ed40000, 0xb2ec0000, 0xb30c0000)
  eden space 285696K, 100% used [0x9ed40000,0xb0440000,0xb0440000)
  from space 21760K, 1% used [0xb1980000,0xb19ec010,0xb2ec0000)
  to   space 21760K, 0% used [0xb0440000,0xb0440000,0xb1980000)
 ParOldGen       total 237568K, used 129174K [0x766c0000, 0x84ec0000, 0x9ed40000)
  object space 237568K, 54% used [0x766c0000,0x7e4e5960,0x84ec0000)
 PSPermGen       total 41472K, used 19112K [0x6e6c0000, 0x70f40000, 0x766c0000)
  object space 41472K, 46% used [0x6e6c0000,0x6f96a278,0x70f40000)
Event: 489.340 GC heap after
Heap after GC invocations=30 (full 3):
 PSYoungGen      total 307456K, used 7216K [0x9ed40000, 0xb2ec0000, 0xb30c0000)
  eden space 285696K, 0% used [0x9ed40000,0x9ed40000,0xb0440000)
  from space 21760K, 33% used [0xb0440000,0xb0b4c010,0xb1980000)
  to   space 20736K, 0% used [0xb1a80000,0xb1a80000,0xb2ec0000)
 ParOldGen       total 237568K, used 129570K [0x766c0000, 0x84ec0000, 0x9ed40000)
  object space 237568K, 54% used [0x766c0000,0x7e548960,0x84ec0000)
 PSPermGen       total 41472K, used 19112K [0x6e6c0000, 0x70f40000, 0x766c0000)
  object space 41472K, 46% used [0x6e6c0000,0x6f96a278,0x70f40000)
}
Event: 489.551 GC heap before
{Heap before GC invocations=31 (full 3):
 PSYoungGen      total 307456K, used 292912K [0x9ed40000, 0xb2ec0000, 0xb30c0000)
  eden space 285696K, 100% used [0x9ed40000,0xb0440000,0xb0440000)
  from space 21760K, 33% used [0xb0440000,0xb0b4c010,0xb1980000)
  to   space 20736K, 0% used [0xb1a80000,0xb1a80000,0xb2ec0000)
 ParOldGen       total 237568K, used 129570K [0x766c0000, 0x84ec0000, 0x9ed40000)
  object space 237568K, 54% used [0x766c0000,0x7e548960,0x84ec0000)
 PSPermGen       total 41472K, used 19112K [0x6e6c0000, 0x70f40000, 0x766c0000)
  object space 41472K, 46% used [0x6e6c0000,0x6f96a278,0x70f40000)
Event: 489.580 GC heap after
Heap after GC invocations=31 (full 3):
 PSYoungGen      total 308992K, used 7712K [0x9ed40000, 0xb2ec0000, 0xb30c0000)
  eden space 288256K, 0% used [0x9ed40000,0x9ed40000,0xb06c0000)
  from space 20736K, 37% used [0xb1a80000,0xb2208010,0xb2ec0000)
  to   space 20224K, 0% used [0xb06c0000,0xb06c0000,0xb1a80000)
 ParOldGen       total 237568K, used 136318K [0x766c0000, 0x84ec0000, 0x9ed40000)
  object space 237568K, 57% used [0x766c0000,0x7ebdf960,0x84ec0000)
 PSPermGen       total 41472K, used 19112K [0x6e6c0000, 0x70f40000, 0x766c0000)
  object space 41472K, 46% used [0x6e6c0000,0x6f96a278,0x70f40000)
}
Event: 489.799 GC heap before
{Heap before GC invocations=32 (full 3):
 PSYoungGen      total 308992K, used 295968K [0x9ed40000, 0xb2ec0000, 0xb30c0000)
  eden space 288256K, 100% used [0x9ed40000,0xb06c0000,0xb06c0000)
  from space 20736K, 37% used [0xb1a80000,0xb2208010,0xb2ec0000)
  to   space 20224K, 0% used [0xb06c0000,0xb06c0000,0xb1a80000)
 ParOldGen       total 237568K, used 136318K [0x766c0000, 0x84ec0000, 0x9ed40000)
  object space 237568K, 57% used [0x766c0000,0x7ebdf960,0x84ec0000)
 PSPermGen       total 41472K, used 19112K [0x6e6c0000, 0x70f40000, 0x766c0000)
  object space 41472K, 46% used [0x6e6c0000,0x6f96a278,0x70f40000)
Event: 489.831 GC heap after
Heap after GC invocations=32 (full 3):
 PSYoungGen      total 308480K, used 8784K [0x9ed40000, 0xb2f40000, 0xb30c0000)
  eden space 288256K, 0% used [0x9ed40000,0x9ed40000,0xb06c0000)
  from space 20224K, 43% used [0xb06c0000,0xb0f54010,0xb1a80000)
  to   space 19712K, 0% used [0xb1c00000,0xb1c00000,0xb2f40000)
 ParOldGen       total 237568K, used 143058K [0x766c0000, 0x84ec0000, 0x9ed40000)
  object space 237568K, 60% used [0x766c0000,0x7f274960,0x84ec0000)
 PSPermGen       total 41472K, used 19112K [0x6e6c0000, 0x70f40000, 0x766c0000)
  object space 41472K, 46% used [0x6e6c0000,0x6f96a278,0x70f40000)
}
Event: 490.030 GC heap before
{Heap before GC invocations=33 (full 3):
 PSYoungGen      total 308480K, used 273925K [0x9ed40000, 0xb2f40000, 0xb30c0000)
  eden space 288256K, 91% used [0x9ed40000,0xaf02d630,0xb06c0000)
  from space 20224K, 43% used [0xb06c0000,0xb0f54010,0xb1a80000)
  to   space 19712K, 0% used [0xb1c00000,0xb1c00000,0xb2f40000)
 ParOldGen       total 237568K, used 143058K [0x766c0000, 0x84ec0000, 0x9ed40000)
  object space 237568K, 60% used [0x766c0000,0x7f274960,0x84ec0000)
 PSPermGen       total 41472K, used 19112K [0x6e6c0000, 0x70f40000, 0x766c0000)
  object space 41472K, 46% used [0x6e6c0000,0x6f96a278,0x70f40000)
Event: 490.058 GC heap after
Heap after GC invocations=33 (full 3):
 PSYoungGen      total 310272K, used 7215K [0x9ed40000, 0xb2ec0000, 0xb30c0000)
  eden space 291072K, 0% used [0x9ed40000,0x9ed40000,0xb0980000)
  from space 19200K, 37% used [0xb1c00000,0xb230bf00,0xb2ec0000)
  to   space 18944K, 0% used [0xb0980000,0xb0980000,0xb1c00000)
 ParOldGen       total 237568K, used 151882K [0x766c0000, 0x84ec0000, 0x9ed40000)
  object space 237568K, 63% used [0x766c0000,0x7fb12970,0x84ec0000)
 PSPermGen       total 41472K, used 19112K [0x6e6c0000, 0x70f40000, 0x766c0000)
  object space 41472K, 46% used [0x6e6c0000,0x6f96a278,0x70f40000)
}

